#
# There is insufficient memory for the Java Runtime Environment to continue.
# Native memory allocation (malloc) failed to allocate 32744 bytes for ChunkPool::allocate
# Possible reasons:
#   The system is out of physical RAM or swap space
#   The process is running with CompressedOops enabled, and the Java Heap may be blocking the growth of the native heap
# Possible solutions:
#   Reduce memory load on the system
#   Increase physical memory or swap space
#   Check if swap backing store is full
#   Decrease Java heap size (-Xmx/-Xms)
#   Decrease number of Java threads
#   Decrease Java thread stack sizes (-Xss)
#   Set larger code cache with -XX:ReservedCodeCacheSize=
#   JVM is running with Zero Based Compressed Oops mode in which the Java heap is
#     placed in the first 32GB address space. The Java Heap base address is the
#     maximum limit for the native heap growth. Please use -XX:HeapBaseMinAddress
#     to set the Java Heap base and to place the Java Heap above 32GB virtual address.
# This output file may be truncated or incomplete.
#
#  Out of Memory Error (allocation.cpp:272), pid=9668, tid=0x0000000000003760
#
# JRE version: OpenJDK Runtime Environment (8.0_242-b01) (build 1.8.0_242-release-1644-b01)
# Java VM: OpenJDK 64-Bit Server VM (25.242-b01 mixed mode windows-amd64 compressed oops)
# Failed to write core dump. Minidumps are not enabled by default on client versions of Windows
#

---------------  T H R E A D  ---------------

Current thread (0x0000000019e8c800):  JavaThread "C1 CompilerThread2" daemon [_thread_in_native, id=14176, stack(0x000000001b6b0000,0x000000001b7b0000)]

Stack: [0x000000001b6b0000,0x000000001b7b0000]
[error occurred during error reporting (printing stack bounds), id 0xc0000005]

Native frames: (J=compiled Java code, j=interpreted, Vv=VM code, C=native code)


Current CompileTask:
C1:    203  235       3       jdk.internal.org.objectweb.asm.Frame::execute (2252 bytes)


---------------  P R O C E S S  ---------------

Java Threads: ( => current thread )
  0x000000001b7e2800 JavaThread "Service Thread" daemon [_thread_blocked, id=9540, stack(0x000000001bbb0000,0x000000001bcb0000)]
=>0x0000000019e8c800 JavaThread "C1 CompilerThread2" daemon [_thread_in_native, id=14176, stack(0x000000001b6b0000,0x000000001b7b0000)]
  0x0000000019e89800 JavaThread "C2 CompilerThread1" daemon [_thread_blocked, id=14288, stack(0x000000001b5b0000,0x000000001b6b0000)]
  0x0000000019e77000 JavaThread "C2 CompilerThread0" daemon [_thread_in_native, id=14616, stack(0x000000001b4b0000,0x000000001b5b0000)]
  0x0000000019e75800 JavaThread "Attach Listener" daemon [_thread_blocked, id=9716, stack(0x000000001b3b0000,0x000000001b4b0000)]
  0x0000000019e74800 JavaThread "Signal Dispatcher" daemon [_thread_blocked, id=2448, stack(0x000000001b2b0000,0x000000001b3b0000)]
  0x0000000002dcc800 JavaThread "Finalizer" daemon [_thread_blocked, id=13808, stack(0x000000001b0c0000,0x000000001b1c0000)]
  0x0000000002dc2800 JavaThread "Reference Handler" daemon [_thread_blocked, id=13744, stack(0x000000001afc0000,0x000000001b0c0000)]
  0x0000000002cce800 JavaThread "main" [_thread_in_vm, id=11972, stack(0x0000000002b10000,0x0000000002c10000)]

Other Threads:
  0x0000000019e37000 VMThread [stack: 0x000000001aec0000,0x000000001afc0000] [id=9628]
  0x000000001b7ed800 WatcherThread [stack: 0x000000001bcb0000,0x000000001bdb0000] [id=3576]

VM state:not at safepoint (normal execution)

VM Mutex/Monitor currently owned by a thread: None

heap address: 0x0000000701800000, size: 3048 MB, Compressed Oops mode: Zero based, Oop shift amount: 3
Narrow klass base: 0x0000000000000000, Narrow klass shift: 3
Compressed class space size: 1073741824 Address: 0x00000007c0000000

Heap:
 PSYoungGen      total 57344K, used 6017K [0x0000000780800000, 0x0000000784800000, 0x00000007c0000000)
  eden space 49152K, 12% used [0x0000000780800000,0x0000000780de0700,0x0000000783800000)
  from space 8192K, 0% used [0x0000000784000000,0x0000000784000000,0x0000000784800000)
  to   space 8192K, 0% used [0x0000000783800000,0x0000000783800000,0x0000000784000000)
 ParOldGen       total 131072K, used 0K [0x0000000701800000, 0x0000000709800000, 0x0000000780800000)
  object space 131072K, 0% used [0x0000000701800000,0x0000000701800000,0x0000000709800000)
 Metaspace       used 4764K, capacity 4918K, committed 5248K, reserved 1056768K
  class space    used 508K, capacity 555K, committed 640K, reserved 1048576K

Card table byte_map: [0x0000000012190000,0x0000000012790000] byte_map_base: 0x000000000e984000

Marking Bits: (ParMarkBitMap*) 0x000000005bb6f030
 Begin Bits: [0x0000000012f90000, 0x0000000015f30000)
 End Bits:   [0x0000000015f30000, 0x0000000018ed0000)

Polling page: 0x0000000000f00000

CodeCache: size=245760Kb used=1538Kb max_used=1538Kb free=244222Kb
 bounds [0x0000000002dd0000, 0x0000000003040000, 0x0000000011dd0000]
 total_blobs=530 nmethods=245 adapters=199
 compilation: enabled

Compilation events (10 events):
Event: 0.194 Thread 0x0000000019e8c800  229       3       java.util.AbstractList$Itr::hasNext (20 bytes)
Event: 0.194 Thread 0x0000000019e8c800 nmethod 229 0x0000000002f49310 code [0x0000000002f49480, 0x0000000002f49708]
Event: 0.194 Thread 0x0000000019e8c800  230       3       java.lang.invoke.MemberName::getInvocationType (56 bytes)
Event: 0.194 Thread 0x0000000019e8c800 nmethod 230 0x0000000002f49950 code [0x0000000002f49b40, 0x0000000002f4a768]
Event: 0.194 Thread 0x0000000019e8c800  231       3       jdk.internal.org.objectweb.asm.Type::getArgumentsAndReturnSizes (151 bytes)
Event: 0.195 Thread 0x0000000019e8c800 nmethod 231 0x0000000002f4ad90 code [0x0000000002f4afc0, 0x0000000002f4bd58]
Event: 0.195 Thread 0x0000000019e8c800  232       3       java.lang.invoke.InvokerBytecodeGenerator::isStaticallyNameable (116 bytes)
Event: 0.197 Thread 0x0000000019e8c800 nmethod 232 0x0000000002f4c890 code [0x0000000002f4cc00, 0x0000000002f4ed38]
Event: 0.197 Thread 0x0000000019e8c800  235       3       jdk.internal.org.objectweb.asm.Frame::execute (2252 bytes)
Event: 0.197 Thread 0x0000000019e77000  248       4       jdk.internal.org.objectweb.asm.ByteVector::putUTF8 (142 bytes)

GC Heap History (0 events):
No events

Deoptimization events (0 events):
No events

Classes redefined (0 events):
No events

Internal exceptions (10 events):
Event: 0.029 Thread 0x0000000002cce800 Exception <a 'java/lang/NoSuchMethodError': Method sun.misc.Unsafe.defineClass(Ljava/lang/String;[BII)Ljava/lang/Class; name or signature does not match> (0x0000000780807cc8) thrown at [C:\src\AOSP-openjdk-git\hotspot\src\share\vm\prims\jni.cpp, line 4013
Event: 0.029 Thread 0x0000000002cce800 Exception <a 'java/lang/NoSuchMethodError': Method sun.misc.Unsafe.prefetchRead(Ljava/lang/Object;J)V name or signature does not match> (0x0000000780807fb0) thrown at [C:\src\AOSP-openjdk-git\hotspot\src\share\vm\prims\jni.cpp, line 4013]
Event: 0.144 Thread 0x0000000002cce800 Exception <a 'java/security/PrivilegedActionException'> (0x0000000780cb2790) thrown at [C:\src\AOSP-openjdk-git\hotspot\src\share\vm\prims\jvm.cpp, line 1502]
Event: 0.144 Thread 0x0000000002cce800 Exception <a 'java/security/PrivilegedActionException'> (0x0000000780cb2b88) thrown at [C:\src\AOSP-openjdk-git\hotspot\src\share\vm\prims\jvm.cpp, line 1502]
Event: 0.145 Thread 0x0000000002cce800 Exception <a 'java/security/PrivilegedActionException'> (0x0000000780cb6b60) thrown at [C:\src\AOSP-openjdk-git\hotspot\src\share\vm\prims\jvm.cpp, line 1502]
Event: 0.145 Thread 0x0000000002cce800 Exception <a 'java/security/PrivilegedActionException'> (0x0000000780cb6f58) thrown at [C:\src\AOSP-openjdk-git\hotspot\src\share\vm\prims\jvm.cpp, line 1502]
Event: 0.145 Thread 0x0000000002cce800 Exception <a 'java/security/PrivilegedActionException'> (0x0000000780cb8860) thrown at [C:\src\AOSP-openjdk-git\hotspot\src\share\vm\prims\jvm.cpp, line 1502]
Event: 0.145 Thread 0x0000000002cce800 Exception <a 'java/security/PrivilegedActionException'> (0x0000000780cb8c58) thrown at [C:\src\AOSP-openjdk-git\hotspot\src\share\vm\prims\jvm.cpp, line 1502]
Event: 0.198 Thread 0x0000000002cce800 Exception <a 'java/lang/NoSuchFieldError': method resolution failed> (0x0000000780daee50) thrown at [C:\src\AOSP-openjdk-git\hotspot\src\share\vm\prims\methodHandles.cpp, line 1167]
Event: 0.199 Thread 0x0000000002cce800 Exception <a 'java/lang/NoSuchFieldError': method resolution failed> (0x0000000780dbc5a0) thrown at [C:\src\AOSP-openjdk-git\hotspot\src\share\vm\prims\methodHandles.cpp, line 1167]

Events (10 events):
Event: 0.184 loading class java/lang/invoke/DelegatingMethodHandle done
Event: 0.184 loading class java/lang/invoke/MethodHandleImpl$AsVarargsCollector done
Event: 0.185 loading class java/lang/invoke/WrongMethodTypeException
Event: 0.185 loading class java/lang/invoke/WrongMethodTypeException done
Event: 0.186 loading class java/lang/invoke/MethodHandleImpl$Lazy
Event: 0.187 loading class java/lang/invoke/MethodHandleImpl$Lazy done
Event: 0.187 loading class java/lang/invoke/MethodHandleImpl$IntrinsicMethodHandle
Event: 0.187 loading class java/lang/invoke/MethodHandleImpl$IntrinsicMethodHandle done
Event: 0.198 loading class java/lang/NoSuchFieldError
Event: 0.198 loading class java/lang/NoSuchFieldError done


Dynamic libraries:
0x00007ff680640000 - 0x00007ff680671000 	D:\Program Files\Android\Android Studio\jre\jre\bin\java.exe
0x00007fffdfa70000 - 0x00007fffdfc51000 	C:\Windows\SYSTEM32\ntdll.dll
0x00007fffdd790000 - 0x00007fffdd842000 	C:\Windows\System32\KERNEL32.DLL
0x00007fffdc760000 - 0x00007fffdc9d3000 	C:\Windows\System32\KERNELBASE.dll
0x00007fffdf990000 - 0x00007fffdfa31000 	C:\Windows\System32\ADVAPI32.dll
0x00007fffdd0f0000 - 0x00007fffdd18e000 	C:\Windows\System32\msvcrt.dll
0x00007fffdf440000 - 0x00007fffdf49b000 	C:\Windows\System32\sechost.dll
0x00007fffdf800000 - 0x00007fffdf924000 	C:\Windows\System32\RPCRT4.dll
0x00007fffdf0a0000 - 0x00007fffdf230000 	C:\Windows\System32\USER32.dll
0x00007fffdbe40000 - 0x00007fffdbe60000 	C:\Windows\System32\win32u.dll
0x00007fffdf7d0000 - 0x00007fffdf7f8000 	C:\Windows\System32\GDI32.dll
0x00007fffdccb0000 - 0x00007fffdce42000 	C:\Windows\System32\gdi32full.dll
0x00007fffdca90000 - 0x00007fffdcb2f000 	C:\Windows\System32\msvcp_win.dll
0x00007fffdcbb0000 - 0x00007fffdccaa000 	C:\Windows\System32\ucrtbase.dll
0x00007fffce030000 - 0x00007fffce299000 	C:\Windows\WinSxS\amd64_microsoft.windows.common-controls_6595b64144ccf1df_6.0.17134.112_none_fb3f961b30681c12\COMCTL32.dll
0x00007fffdf4a0000 - 0x00007fffdf7c3000 	C:\Windows\System32\combase.dll
0x00007fffdcb30000 - 0x00007fffdcbaa000 	C:\Windows\System32\bcryptPrimitives.dll
0x00007fffdf960000 - 0x00007fffdf98d000 	C:\Windows\System32\IMM32.DLL
0x000000005bee0000 - 0x000000005bfb2000 	D:\Program Files\Android\Android Studio\jre\jre\bin\msvcr100.dll
0x000000005b3a0000 - 0x000000005bbeb000 	D:\Program Files\Android\Android Studio\jre\jre\bin\server\jvm.dll
0x00007fffdf930000 - 0x00007fffdf938000 	C:\Windows\System32\PSAPI.DLL
0x00007fffd76b0000 - 0x00007fffd76d3000 	C:\Windows\SYSTEM32\WINMM.dll
0x00007fffcbec0000 - 0x00007fffcbeca000 	C:\Windows\SYSTEM32\VERSION.dll
0x00007fff9c810000 - 0x00007fff9c819000 	C:\Windows\SYSTEM32\WSOCK32.dll
0x00007fffdf230000 - 0x00007fffdf29c000 	C:\Windows\System32\WS2_32.dll
0x00007fffd7680000 - 0x00007fffd76aa000 	C:\Windows\SYSTEM32\winmmbase.dll
0x00007fffdceb0000 - 0x00007fffdcef9000 	C:\Windows\System32\cfgmgr32.dll
0x00007fff9c800000 - 0x00007fff9c80f000 	D:\Program Files\Android\Android Studio\jre\jre\bin\verify.dll
0x00007fff9c7d0000 - 0x00007fff9c7f9000 	D:\Program Files\Android\Android Studio\jre\jre\bin\java.dll
0x00007fff9c7b0000 - 0x00007fff9c7c6000 	D:\Program Files\Android\Android Studio\jre\jre\bin\zip.dll
0x00007fffddaa0000 - 0x00007fffdeee0000 	C:\Windows\System32\SHELL32.dll
0x00007fffdf390000 - 0x00007fffdf439000 	C:\Windows\System32\shcore.dll
0x00007fffdbe60000 - 0x00007fffdc56d000 	C:\Windows\System32\windows.storage.dll
0x00007fffdcf00000 - 0x00007fffdcf51000 	C:\Windows\System32\shlwapi.dll
0x00007fffdbe00000 - 0x00007fffdbe11000 	C:\Windows\System32\kernel.appcore.dll
0x00007fffdbd80000 - 0x00007fffdbd9f000 	C:\Windows\System32\profapi.dll
0x00007fffdbda0000 - 0x00007fffdbdec000 	C:\Windows\System32\powrprof.dll
0x00007fffdbdf0000 - 0x00007fffdbdfa000 	C:\Windows\System32\FLTLIB.DLL

VM Arguments:
java_command: org.jetbrains.git4idea.http.GitAskPassApp Username for 'https://github.com': 
java_class_path (initial): D:/Program Files/Android/Android Studio/plugins/git4idea/lib/git4idea-rt.jar;D:/Program Files/Android/Android Studio/lib/xmlrpc-2.0.1.jar;D:/Program Files/Android/Android Studio/lib/commons-codec-1.14.jar;D:/Program Files/Android/Android Studio/lib/util.jar
Launcher Type: SUN_STANDARD

Environment Variables:
PATH=C:\Program Files\Git\mingw64\libexec\git-core;C:\Program Files\Git\mingw64\libexec\git-core;C:\Program Files\Git\mingw64\bin;C:\Program Files\Git\usr\bin;C:\Users\USER\bin;C:\Program Files (x86)\Intel\iCLS Client;C:\Program Files\Intel\iCLS Client;C:\Program Files (x86)\Common Files\Oracle\Java\javapath;C:\Windows\system32;C:\Windows;C:\Windows\System32\Wbem;C:\Windows\System32\WindowsPowerShell\v1.0;C:\Windows\System32\OpenSSH;C:\Program Files (x86)\Intel\Intel(R) Management Engine Components\DAL;C:\Program Files\Intel\Intel(R) Management Engine Components\DAL;C:\Program Files (x86)\Intel\Intel(R) Management Engine Components\IPT;C:\Program Files\Intel\Intel(R) Management Engine Components\IPT;C:\Program Files (x86)\AMD\ATI.ACE\Core-Static;D:\xampp\php;C:\Program Files\PuTTY;C:\Program Files (x86)\Yarn\bin;C:\ProgramData\ComposerSetup\bin;C:\Program Files\nodejs;C:\Users\USER\AppData\Local\Android\Sdk\tools;C:\Users\USER\AppData\Local\Android\Sdk\platform-tools;C:\Program Files\Git\cmd;C:\Users\USER\AppData\Local\Microsoft\WindowsApps;C:\Program Files\heroku\bin;C:\Users\USER\AppData\Local\GitHubDesktop\bin;C:\Users\USER\AppData\Roaming\Composer\vendor\bin;C:\Users\USER\AppData\Local\Yarn\bin;C:\Users\USER\AppData\Roaming\npm;C:\Users\USER\AppData\Local\Programs\Microsoft VS Code\bin;E:\flutter\bin;E:\dart-sdk\bin
USERNAME=USER
DISPLAY=:0.0
OS=Windows_NT
PROCESSOR_IDENTIFIER=Intel64 Family 6 Model 69 Stepping 1, GenuineIntel



---------------  S Y S T E M  ---------------

OS: Windows 10.0 , 64 bit Build 17134 (10.0.17134.1)

CPU:total 4 (initial active 4) (2 cores per cpu, 2 threads per core) family 6 model 69 stepping 1, cmov, cx8, fxsr, mmx, sse, sse2, sse3, ssse3, sse4.1, sse4.2, popcnt, avx, avx2, aes, clmul, erms, lzcnt, ht, tsc, tscinvbit, bmi1, bmi2

Memory: 4k page, physical 12476780k(3065872k free), swap 29080680k(3408k free)

vm_info: OpenJDK 64-Bit Server VM (25.242-b01) for windows-amd64 JRE (1.8.0_242-release-1644-b01), built by "builder" with MS VC++ 10.0 (VS2010)

time: Wed Feb 10 12:14:39 2021
timezone: India Standard Time
elapsed time: 0 seconds (0d 0h 0m 0s)

